==============================================================
File generated on Sun Dec 01 00:44:23 -0500 2019
Vivado(TM) HLS - High-Level Synthesis from C, C++ and SystemC v2018.3 (64-bit)
SW Build 2405991 on Thu Dec  6 23:38:27 MST 2018
IP Build 2404404 on Fri Dec  7 01:43:56 MST 2018
Copyright 1986-2018 Xilinx, Inc. All Rights Reserved.
==============================================================
INFO: [SYN 201-201] Setting up clock 'default' with a period of 10ns.
INFO: [SYN 201-201] Setting up clock 'default' with an uncertainty of 1.25ns.
INFO: [HLS 200-10] Setting target device to 'xczu3eg-sbva484-1-e'
INFO: [SYN 201-201] Setting up clock 'default' with a period of 10ns.
INFO: [SCHED 204-61] Option 'relax_ii_for_timing' is enabled, will increase II to preserve clock frequency constraints.
INFO: [HLS 200-10] Analyzing design file 'src/intersect.c' ... 
INFO: [HLS 200-111] Finished Linking Time (s): cpu = 00:00:01 ; elapsed = 00:00:14 . Memory (MB): peak = 105.859 ; gain = 20.879
INFO: [HLS 200-111] Finished Checking Pragmas Time (s): cpu = 00:00:01 ; elapsed = 00:00:14 . Memory (MB): peak = 105.859 ; gain = 20.879
INFO: [HLS 200-10] Starting code transformations ...
ERROR: [SYNCHK 200-74] Recursive functions are not supported: recursion found in the following functions 
ERROR: [SYNCHK 200-74] 'intersect(src/intersect.c:14) --> 'intersect'(src/intersect.c:27:21)
INFO: [SYNCHK 200-10] 1 error(s), 0 warning(s).
ERROR: [HLS 200-70] Synthesizability check failed.
==============================================================
File generated on Sun Dec 01 01:53:56 -0500 2019
Vivado(TM) HLS - High-Level Synthesis from C, C++ and SystemC v2018.3 (64-bit)
SW Build 2405991 on Thu Dec  6 23:38:27 MST 2018
IP Build 2404404 on Fri Dec  7 01:43:56 MST 2018
Copyright 1986-2018 Xilinx, Inc. All Rights Reserved.
==============================================================
INFO: [SYN 201-201] Setting up clock 'default' with a period of 10ns.
INFO: [SYN 201-201] Setting up clock 'default' with an uncertainty of 1.25ns.
INFO: [HLS 200-10] Setting target device to 'xczu3eg-sbva484-1-e'
INFO: [SCHED 204-61] Option 'relax_ii_for_timing' is enabled, will increase II to preserve clock frequency constraints.
INFO: [HLS 200-10] Analyzing design file 'src/intersect.c' ... 
INFO: [HLS 200-111] Finished Linking Time (s): cpu = 00:00:01 ; elapsed = 00:00:20 . Memory (MB): peak = 103.313 ; gain = 18.824
INFO: [HLS 200-111] Finished Checking Pragmas Time (s): cpu = 00:00:01 ; elapsed = 00:00:20 . Memory (MB): peak = 103.313 ; gain = 18.824
INFO: [HLS 200-10] Starting code transformations ...
INFO: [HLS 200-111] Finished Standard Transforms Time (s): cpu = 00:00:02 ; elapsed = 00:00:21 . Memory (MB): peak = 117.676 ; gain = 33.188
INFO: [HLS 200-10] Checking synthesizability ...
INFO: [XFORM 203-602] Inlining function 'fp_struct<float>::data' into 'fp_struct<float>::to_float' (r:/builds/2018.3/continuous/2018_12_06_2405991/src/products/hls/hls_lib/src/hls\utils/x_hls_utils.h:348) automatically.
INFO: [XFORM 203-602] Inlining function 'fp_struct<float>::to_float' into 'fp_struct<float>::to_ieee' (r:/builds/2018.3/continuous/2018_12_06_2405991/src/products/hls/hls_lib/src/hls\utils/x_hls_utils.h:369) automatically.
INFO: [XFORM 203-602] Inlining function 'fp_struct<float>::to_ieee' into 'generic_copysign<float>' (r:/builds/2018.3/continuous/2018_12_06_2405991/src/products/hls/hls_lib/hlsmath/include/FloatingPoint/hls_copysign.h:13) automatically.
INFO: [XFORM 203-602] Inlining function 'generic_copysign<float>' into 'generic_fabs<float>' (r:/builds/2018.3/continuous/2018_12_06_2405991/src/products/hls/hls_lib/hlsmath/include/FloatingPoint\hls_fabs.h:12) automatically.
INFO: [XFORM 203-602] Inlining function 'generic_fabs<float>' into 'fabsf' (r:/builds/2018.3/continuous/2018_12_06_2405991/src/products/hls/hls_lib/hlsmath/src/c/fabsfloat.cpp:7) automatically.
INFO: [XFORM 203-602] Inlining function 'fabsf' into 'intersect_tri' (src/intersect.c:201) automatically.
ERROR: [SYNCHK 200-71] src/intersect.c:171: function 'vec3_subtract' has no function body.
ERROR: [SYNCHK 200-71] src/intersect.c:176: function 'vec3_cross' has no function body.
ERROR: [SYNCHK 200-71] src/intersect.c:178: function 'vec3_dot' has no function body.
INFO: [SYNCHK 200-10] 3 error(s), 0 warning(s).
ERROR: [HLS 200-70] Synthesizability check failed.
==============================================================
File generated on Sun Dec 01 01:56:16 -0500 2019
Vivado(TM) HLS - High-Level Synthesis from C, C++ and SystemC v2018.3 (64-bit)
SW Build 2405991 on Thu Dec  6 23:38:27 MST 2018
IP Build 2404404 on Fri Dec  7 01:43:56 MST 2018
Copyright 1986-2018 Xilinx, Inc. All Rights Reserved.
==============================================================
INFO: [SYN 201-201] Setting up clock 'default' with a period of 10ns.
INFO: [SYN 201-201] Setting up clock 'default' with an uncertainty of 1.25ns.
INFO: [HLS 200-10] Setting target device to 'xczu3eg-sbva484-1-e'
INFO: [SCHED 204-61] Option 'relax_ii_for_timing' is enabled, will increase II to preserve clock frequency constraints.
INFO: [HLS 200-10] Analyzing design file 'src/intersect.c' ... 
INFO: [HLS 200-111] Finished Linking Time (s): cpu = 00:00:01 ; elapsed = 00:00:15 . Memory (MB): peak = 103.410 ; gain = 18.641
INFO: [HLS 200-111] Finished Checking Pragmas Time (s): cpu = 00:00:01 ; elapsed = 00:00:15 . Memory (MB): peak = 103.410 ; gain = 18.641
INFO: [HLS 200-10] Starting code transformations ...
INFO: [HLS 200-111] Finished Standard Transforms Time (s): cpu = 00:00:02 ; elapsed = 00:00:17 . Memory (MB): peak = 117.770 ; gain = 33.000
INFO: [HLS 200-10] Checking synthesizability ...
INFO: [XFORM 203-602] Inlining function 'fp_struct<float>::data' into 'fp_struct<float>::to_float' (r:/builds/2018.3/continuous/2018_12_06_2405991/src/products/hls/hls_lib/src/hls\utils/x_hls_utils.h:348) automatically.
INFO: [XFORM 203-602] Inlining function 'fp_struct<float>::to_float' into 'fp_struct<float>::to_ieee' (r:/builds/2018.3/continuous/2018_12_06_2405991/src/products/hls/hls_lib/src/hls\utils/x_hls_utils.h:369) automatically.
INFO: [XFORM 203-602] Inlining function 'fp_struct<float>::to_ieee' into 'generic_copysign<float>' (r:/builds/2018.3/continuous/2018_12_06_2405991/src/products/hls/hls_lib/hlsmath/include/FloatingPoint/hls_copysign.h:13) automatically.
INFO: [XFORM 203-602] Inlining function 'generic_copysign<float>' into 'generic_fabs<float>' (r:/builds/2018.3/continuous/2018_12_06_2405991/src/products/hls/hls_lib/hlsmath/include/FloatingPoint\hls_fabs.h:12) automatically.
INFO: [XFORM 203-602] Inlining function 'generic_fabs<float>' into 'fabsf' (r:/builds/2018.3/continuous/2018_12_06_2405991/src/products/hls/hls_lib/hlsmath/src/c/fabsfloat.cpp:7) automatically.
INFO: [XFORM 203-602] Inlining function 'fabsf' into 'intersect_tri' (src/intersect.c:201) automatically.
ERROR: [SYNCHK 200-71] src/intersect.c:171: function 'vec3_subtract' has no function body.
ERROR: [SYNCHK 200-71] src/intersect.c:176: function 'vec3_cross' has no function body.
ERROR: [SYNCHK 200-71] src/intersect.c:178: function 'vec3_dot' has no function body.
INFO: [SYNCHK 200-10] 3 error(s), 0 warning(s).
ERROR: [HLS 200-70] Synthesizability check failed.
==============================================================
File generated on Sun Dec 01 01:59:27 -0500 2019
Vivado(TM) HLS - High-Level Synthesis from C, C++ and SystemC v2018.3 (64-bit)
SW Build 2405991 on Thu Dec  6 23:38:27 MST 2018
IP Build 2404404 on Fri Dec  7 01:43:56 MST 2018
Copyright 1986-2018 Xilinx, Inc. All Rights Reserved.
==============================================================
INFO: [SYN 201-201] Setting up clock 'default' with a period of 10ns.
INFO: [SYN 201-201] Setting up clock 'default' with an uncertainty of 1.25ns.
INFO: [HLS 200-10] Setting target device to 'xczu3eg-sbva484-1-e'
INFO: [SCHED 204-61] Option 'relax_ii_for_timing' is enabled, will increase II to preserve clock frequency constraints.
INFO: [HLS 200-10] Analyzing design file 'src/intersect.c' ... 
ERROR: [HLS 200-70] Compilation errors found: In file included from src/intersect.c:1:
In file included from src/intersect.c:1:
In file included from src/intersect.h:5:
In file included from src/camera.h:4:
src/../lib/mathc.c:1122:14: error: redefinition of 'i'
 for(int32_t i = 0; i < 2; ++i) {
             ^
src/../lib/mathc.c:1109:14: note: previous definition is here
 for(int32_t i = 0; i < 2; ++i) {
             ^
src/../lib/mathc.c:1526:14: error: redefinition of 'i'
 for(int32_t i = 0; i < 3; ++i) {
             ^
src/../lib/mathc.c:1511:14: note: previous definition is here
 for(int32_t i = 0; i < 3; ++i) {
             ^
2 errors generated.
==============================================================
File generated on Sun Dec 01 01:59:52 -0500 2019
Vivado(TM) HLS - High-Level Synthesis from C, C++ and SystemC v2018.3 (64-bit)
SW Build 2405991 on Thu Dec  6 23:38:27 MST 2018
IP Build 2404404 on Fri Dec  7 01:43:56 MST 2018
Copyright 1986-2018 Xilinx, Inc. All Rights Reserved.
==============================================================
INFO: [SYN 201-201] Setting up clock 'default' with a period of 10ns.
INFO: [SYN 201-201] Setting up clock 'default' with an uncertainty of 1.25ns.
INFO: [HLS 200-10] Setting target device to 'xczu3eg-sbva484-1-e'
INFO: [SCHED 204-61] Option 'relax_ii_for_timing' is enabled, will increase II to preserve clock frequency constraints.
INFO: [HLS 200-10] Analyzing design file 'src/intersect.c' ... 
INFO: [HLS 200-111] Finished Linking Time (s): cpu = 00:00:01 ; elapsed = 00:00:11 . Memory (MB): peak = 103.480 ; gain = 18.988
INFO: [HLS 200-111] Finished Checking Pragmas Time (s): cpu = 00:00:01 ; elapsed = 00:00:11 . Memory (MB): peak = 103.480 ; gain = 18.988
INFO: [HLS 200-10] Starting code transformations ...
INFO: [HLS 200-111] Finished Standard Transforms Time (s): cpu = 00:00:01 ; elapsed = 00:00:12 . Memory (MB): peak = 118.090 ; gain = 33.598
INFO: [HLS 200-10] Checking synthesizability ...
INFO: [XFORM 203-602] Inlining function 'fp_struct<float>::data' into 'fp_struct<float>::to_float' (r:/builds/2018.3/continuous/2018_12_06_2405991/src/products/hls/hls_lib/src/hls\utils/x_hls_utils.h:348) automatically.
INFO: [XFORM 203-602] Inlining function 'fp_struct<float>::to_float' into 'fp_struct<float>::to_ieee' (r:/builds/2018.3/continuous/2018_12_06_2405991/src/products/hls/hls_lib/src/hls\utils/x_hls_utils.h:369) automatically.
INFO: [XFORM 203-602] Inlining function 'fp_struct<float>::to_ieee' into 'generic_copysign<float>' (r:/builds/2018.3/continuous/2018_12_06_2405991/src/products/hls/hls_lib/hlsmath/include/FloatingPoint/hls_copysign.h:13) automatically.
INFO: [XFORM 203-602] Inlining function 'generic_copysign<float>' into 'generic_fabs<float>' (r:/builds/2018.3/continuous/2018_12_06_2405991/src/products/hls/hls_lib/hlsmath/include/FloatingPoint\hls_fabs.h:12) automatically.
INFO: [XFORM 203-602] Inlining function 'generic_fabs<float>' into 'fabsf' (r:/builds/2018.3/continuous/2018_12_06_2405991/src/products/hls/hls_lib/hlsmath/src/c/fabsfloat.cpp:7) automatically.
INFO: [XFORM 203-602] Inlining function 'fabsf' into 'intersect_tri' (src/intersect.c:201) automatically.
ERROR: [SYNCHK 200-71] src/intersect.c:171: function 'vec3_subtract' has no function body.
ERROR: [SYNCHK 200-71] src/intersect.c:176: function 'vec3_cross' has no function body.
ERROR: [SYNCHK 200-71] src/intersect.c:178: function 'vec3_dot' has no function body.
INFO: [SYNCHK 200-10] 3 error(s), 0 warning(s).
ERROR: [HLS 200-70] Synthesizability check failed.
==============================================================
File generated on Sun Dec 01 02:09:05 -0500 2019
Vivado(TM) HLS - High-Level Synthesis from C, C++ and SystemC v2018.3 (64-bit)
SW Build 2405991 on Thu Dec  6 23:38:27 MST 2018
IP Build 2404404 on Fri Dec  7 01:43:56 MST 2018
Copyright 1986-2018 Xilinx, Inc. All Rights Reserved.
==============================================================
INFO: [SYN 201-201] Setting up clock 'default' with a period of 10ns.
INFO: [SYN 201-201] Setting up clock 'default' with an uncertainty of 1.25ns.
INFO: [HLS 200-10] Setting target device to 'xczu3eg-sbva484-1-e'
INFO: [SCHED 204-61] Option 'relax_ii_for_timing' is enabled, will increase II to preserve clock frequency constraints.
INFO: [HLS 200-10] Analyzing design file 'src/intersect.c' ... 
INFO: [HLS 200-111] Finished Linking Time (s): cpu = 00:00:00 ; elapsed = 00:00:09 . Memory (MB): peak = 103.355 ; gain = 18.566
INFO: [HLS 200-111] Finished Checking Pragmas Time (s): cpu = 00:00:00 ; elapsed = 00:00:09 . Memory (MB): peak = 103.355 ; gain = 18.566
INFO: [HLS 200-10] Starting code transformations ...
INFO: [HLS 200-111] Finished Standard Transforms Time (s): cpu = 00:00:01 ; elapsed = 00:00:10 . Memory (MB): peak = 118.883 ; gain = 34.094
INFO: [HLS 200-10] Checking synthesizability ...
INFO: [XFORM 203-602] Inlining function 'fp_struct<float>::data' into 'fp_struct<float>::to_float' (r:/builds/2018.3/continuous/2018_12_06_2405991/src/products/hls/hls_lib/src/hls\utils/x_hls_utils.h:348) automatically.
INFO: [XFORM 203-602] Inlining function 'fp_struct<float>::to_float' into 'fp_struct<float>::to_ieee' (r:/builds/2018.3/continuous/2018_12_06_2405991/src/products/hls/hls_lib/src/hls\utils/x_hls_utils.h:369) automatically.
INFO: [XFORM 203-602] Inlining function 'fp_struct<float>::to_ieee' into 'generic_copysign<float>' (r:/builds/2018.3/continuous/2018_12_06_2405991/src/products/hls/hls_lib/hlsmath/include/FloatingPoint/hls_copysign.h:13) automatically.
INFO: [XFORM 203-602] Inlining function 'generic_copysign<float>' into 'generic_fabs<float>' (r:/builds/2018.3/continuous/2018_12_06_2405991/src/products/hls/hls_lib/hlsmath/include/FloatingPoint\hls_fabs.h:12) automatically.
INFO: [XFORM 203-602] Inlining function 'generic_fabs<float>' into 'fabsf' (r:/builds/2018.3/continuous/2018_12_06_2405991/src/products/hls/hls_lib/hlsmath/src/c/fabsfloat.cpp:7) automatically.
INFO: [XFORM 203-602] Inlining function 'vec3_subtract.1' into 'intersect_tri' (src/intersect.c:171) automatically.
INFO: [XFORM 203-602] Inlining function 'vec3_cross.1' into 'intersect_tri' (src/intersect.c:176) automatically.
INFO: [XFORM 203-602] Inlining function 'vec3_cross' into 'intersect_tri' (src/intersect.c:177) automatically.
INFO: [XFORM 203-602] Inlining function 'vec3_dot' into 'intersect_tri' (src/intersect.c:178) automatically.
INFO: [XFORM 203-602] Inlining function 'vec3_dot.1' into 'intersect_tri' (src/intersect.c:181) automatically.
INFO: [XFORM 203-602] Inlining function 'fabsf' into 'intersect_tri' (src/intersect.c:201) automatically.
ERROR: [SYNCHK 200-61] src/intersect.c:224: unsupported memory access on variable 'v0' which is (or contains) an array with unknown size at compile time.
INFO: [SYNCHK 200-10] 1 error(s), 0 warning(s).
ERROR: [HLS 200-70] Synthesizability check failed.
==============================================================
File generated on Sun Dec 01 02:17:38 -0500 2019
Vivado(TM) HLS - High-Level Synthesis from C, C++ and SystemC v2018.3 (64-bit)
SW Build 2405991 on Thu Dec  6 23:38:27 MST 2018
IP Build 2404404 on Fri Dec  7 01:43:56 MST 2018
Copyright 1986-2018 Xilinx, Inc. All Rights Reserved.
==============================================================
INFO: [SYN 201-201] Setting up clock 'default' with a period of 10ns.
INFO: [SYN 201-201] Setting up clock 'default' with an uncertainty of 1.25ns.
INFO: [HLS 200-10] Setting target device to 'xczu3eg-sbva484-1-e'
INFO: [SCHED 204-61] Option 'relax_ii_for_timing' is enabled, will increase II to preserve clock frequency constraints.
INFO: [HLS 200-10] Analyzing design file 'src/intersect.c' ... 
INFO: [HLS 200-111] Finished Linking Time (s): cpu = 00:00:00 ; elapsed = 00:00:06 . Memory (MB): peak = 103.418 ; gain = 18.547
INFO: [HLS 200-111] Finished Checking Pragmas Time (s): cpu = 00:00:00 ; elapsed = 00:00:06 . Memory (MB): peak = 103.418 ; gain = 18.547
INFO: [HLS 200-10] Starting code transformations ...
INFO: [HLS 200-111] Finished Standard Transforms Time (s): cpu = 00:00:01 ; elapsed = 00:00:07 . Memory (MB): peak = 118.848 ; gain = 33.977
INFO: [HLS 200-10] Checking synthesizability ...
INFO: [XFORM 203-602] Inlining function 'fp_struct<float>::data' into 'fp_struct<float>::to_float' (r:/builds/2018.3/continuous/2018_12_06_2405991/src/products/hls/hls_lib/src/hls\utils/x_hls_utils.h:348) automatically.
INFO: [XFORM 203-602] Inlining function 'fp_struct<float>::to_float' into 'fp_struct<float>::to_ieee' (r:/builds/2018.3/continuous/2018_12_06_2405991/src/products/hls/hls_lib/src/hls\utils/x_hls_utils.h:369) automatically.
INFO: [XFORM 203-602] Inlining function 'fp_struct<float>::to_ieee' into 'generic_copysign<float>' (r:/builds/2018.3/continuous/2018_12_06_2405991/src/products/hls/hls_lib/hlsmath/include/FloatingPoint/hls_copysign.h:13) automatically.
INFO: [XFORM 203-602] Inlining function 'generic_copysign<float>' into 'generic_fabs<float>' (r:/builds/2018.3/continuous/2018_12_06_2405991/src/products/hls/hls_lib/hlsmath/include/FloatingPoint\hls_fabs.h:12) automatically.
INFO: [XFORM 203-602] Inlining function 'generic_fabs<float>' into 'fabsf' (r:/builds/2018.3/continuous/2018_12_06_2405991/src/products/hls/hls_lib/hlsmath/src/c/fabsfloat.cpp:7) automatically.
INFO: [XFORM 203-602] Inlining function 'vec3_subtract.1' into 'intersect_tri' (src/intersect.c:132) automatically.
INFO: [XFORM 203-602] Inlining function 'vec3_subtract' into 'intersect_tri' (src/intersect.c:134) automatically.
INFO: [XFORM 203-602] Inlining function 'vec3_cross.1' into 'intersect_tri' (src/intersect.c:137) automatically.
INFO: [XFORM 203-602] Inlining function 'vec3_cross' into 'intersect_tri' (src/intersect.c:138) automatically.
INFO: [XFORM 203-602] Inlining function 'vec3_dot' into 'intersect_tri' (src/intersect.c:139) automatically.
INFO: [XFORM 203-602] Inlining function 'vec3_dot.1' into 'intersect_tri' (src/intersect.c:142) automatically.
INFO: [XFORM 203-602] Inlining function 'fabsf' into 'intersect_tri' (src/intersect.c:162) automatically.
ERROR: [SYNCHK 200-61] src/intersect.c:186: unsupported memory access on variable 'v0' which is (or contains) an array with unknown size at compile time.
INFO: [SYNCHK 200-10] 1 error(s), 0 warning(s).
ERROR: [HLS 200-70] Synthesizability check failed.
==============================================================
File generated on Sun Dec 01 02:17:59 -0500 2019
Vivado(TM) HLS - High-Level Synthesis from C, C++ and SystemC v2018.3 (64-bit)
SW Build 2405991 on Thu Dec  6 23:38:27 MST 2018
IP Build 2404404 on Fri Dec  7 01:43:56 MST 2018
Copyright 1986-2018 Xilinx, Inc. All Rights Reserved.
==============================================================
INFO: [SYN 201-201] Setting up clock 'default' with a period of 10ns.
INFO: [SYN 201-201] Setting up clock 'default' with an uncertainty of 1.25ns.
INFO: [HLS 200-10] Setting target device to 'xczu3eg-sbva484-1-e'
INFO: [SCHED 204-61] Option 'relax_ii_for_timing' is enabled, will increase II to preserve clock frequency constraints.
INFO: [HLS 200-10] Analyzing design file 'src/intersect.c' ... 
INFO: [HLS 200-111] Finished Linking Time (s): cpu = 00:00:00 ; elapsed = 00:00:06 . Memory (MB): peak = 103.480 ; gain = 18.738
INFO: [HLS 200-111] Finished Checking Pragmas Time (s): cpu = 00:00:00 ; elapsed = 00:00:06 . Memory (MB): peak = 103.480 ; gain = 18.738
INFO: [HLS 200-10] Starting code transformations ...
INFO: [HLS 200-111] Finished Standard Transforms Time (s): cpu = 00:00:01 ; elapsed = 00:00:07 . Memory (MB): peak = 118.859 ; gain = 34.117
INFO: [HLS 200-10] Checking synthesizability ...
INFO: [XFORM 203-602] Inlining function 'fp_struct<float>::data' into 'fp_struct<float>::to_float' (r:/builds/2018.3/continuous/2018_12_06_2405991/src/products/hls/hls_lib/src/hls\utils/x_hls_utils.h:348) automatically.
INFO: [XFORM 203-602] Inlining function 'fp_struct<float>::to_float' into 'fp_struct<float>::to_ieee' (r:/builds/2018.3/continuous/2018_12_06_2405991/src/products/hls/hls_lib/src/hls\utils/x_hls_utils.h:369) automatically.
INFO: [XFORM 203-602] Inlining function 'fp_struct<float>::to_ieee' into 'generic_copysign<float>' (r:/builds/2018.3/continuous/2018_12_06_2405991/src/products/hls/hls_lib/hlsmath/include/FloatingPoint/hls_copysign.h:13) automatically.
INFO: [XFORM 203-602] Inlining function 'generic_copysign<float>' into 'generic_fabs<float>' (r:/builds/2018.3/continuous/2018_12_06_2405991/src/products/hls/hls_lib/hlsmath/include/FloatingPoint\hls_fabs.h:12) automatically.
INFO: [XFORM 203-602] Inlining function 'generic_fabs<float>' into 'fabsf' (r:/builds/2018.3/continuous/2018_12_06_2405991/src/products/hls/hls_lib/hlsmath/src/c/fabsfloat.cpp:7) automatically.
INFO: [XFORM 203-602] Inlining function 'vec3_subtract.1' into 'intersect_tri' (src/intersect.c:132) automatically.
INFO: [XFORM 203-602] Inlining function 'vec3_subtract' into 'intersect_tri' (src/intersect.c:134) automatically.
INFO: [XFORM 203-602] Inlining function 'vec3_cross.1' into 'intersect_tri' (src/intersect.c:137) automatically.
INFO: [XFORM 203-602] Inlining function 'vec3_cross' into 'intersect_tri' (src/intersect.c:138) automatically.
INFO: [XFORM 203-602] Inlining function 'vec3_dot' into 'intersect_tri' (src/intersect.c:139) automatically.
INFO: [XFORM 203-602] Inlining function 'vec3_dot.1' into 'intersect_tri' (src/intersect.c:142) automatically.
INFO: [XFORM 203-602] Inlining function 'fabsf' into 'intersect_tri' (src/intersect.c:162) automatically.
ERROR: [SYNCHK 200-61] src/intersect.c:173: unsupported memory access on variable 'v1' which is (or contains) an array with unknown size at compile time.
INFO: [SYNCHK 200-10] 1 error(s), 0 warning(s).
ERROR: [HLS 200-70] Synthesizability check failed.
