INFO-FLOW: Workspace C:/Users/Charles/Desktop/18-643/Bad_Raycaster/RayTrace/solution1 opened at Sun Dec 01 02:17:59 -0500 2019
Execute     config_clock -quiet -name default -period 10 -default=false 
INFO: [SYN 201-201] Setting up clock 'default' with a period of 10ns.
Execute     config_clock -quiet -name default -uncertainty 1.25 
INFO: [SYN 201-201] Setting up clock 'default' with an uncertainty of 1.25ns.
Execute     open_platform DefaultPlatform 
Execute     import_lib C:/Vivado/2018.3/common/technology/xilinx/virtexuplus/virtexuplus 
Execute       source C:/Vivado/2018.3/common/technology/xilinx/common/xilinx.lib 
Execute         source C:/Vivado/2018.3/common/technology/xilinx/interface/xilinx_interface.lib 
Execute           source C:/Vivado/2018.3/common/technology/xilinx/interface/plb46.lib 
Execute           source C:/Vivado/2018.3/common/technology/xilinx/interface/fsl.lib 
Execute           source C:/Vivado/2018.3/common/technology/xilinx/interface/axi4.lib 
Execute           source C:/Vivado/2018.3/common/technology/xilinx/interface/maxi.lib 
Execute           source C:/Vivado/2018.3/common/technology/xilinx/interface/saxilite.lib 
Execute         source C:/Vivado/2018.3/common/technology/xilinx/common/dsp48.lib 
Execute         source C:/Vivado/2018.3/common/technology/xilinx/ip/dds_compiler.lib 
Execute         source C:/Vivado/2018.3/common/technology/xilinx/ip/xfft.lib 
Execute         source C:/Vivado/2018.3/common/technology/xilinx/ip/xfir.lib 
Execute       source C:/Vivado/2018.3/common/technology/xilinx/common/xilinx_old.lib 
Execute       source C:/Vivado/2018.3/common/technology/xilinx/common/xilinx_vivado.lib 
Execute       source C:/Vivado/2018.3/common/technology/xilinx/common/xilinx.hlp 
Execute         source C:/Vivado/2018.3/common/technology/xilinx/common/target_info.tcl 
Execute         source C:/Vivado/2018.3/common/technology/xilinx/interface/xilinx_interface.hlp 
Execute           source C:/Vivado/2018.3/common/technology/xilinx/interface/maxi.hlp 
Execute           source C:/Vivado/2018.3/common/technology/xilinx/interface/saxilite.hlp 
Execute         source C:/Vivado/2018.3/common/technology/xilinx/common/dsp48.hlp 
Execute       source C:/Vivado/2018.3/common/technology/xilinx/virtexuplus/dsp48e2.hlp 
Execute       get_default_platform 
Execute       config_chip_info -quiet -resource  {SLICE 147780} {LUT 1182240}   {FF 2364480} {DSP48E 6840}  {BRAM 4320} {URAM 960}  
Execute       config_chip_info -quiet -speed medium 
Execute       source C:/Vivado/2018.3/common/technology/xilinx/common/xilinx.hlp 
Execute         source C:/Vivado/2018.3/common/technology/xilinx/common/target_info.tcl 
Execute         source C:/Vivado/2018.3/common/technology/xilinx/interface/xilinx_interface.hlp 
Execute           source C:/Vivado/2018.3/common/technology/xilinx/interface/maxi.hlp 
Execute           source C:/Vivado/2018.3/common/technology/xilinx/interface/saxilite.hlp 
Execute         source C:/Vivado/2018.3/common/technology/xilinx/common/dsp48.hlp 
Execute     source C:/Vivado/2018.3/common/technology/xilinx/virtexuplus/virtexuplus.gen 
Execute       source C:/Vivado/2018.3/common/technology/xilinx/common/virtex.gen 
Execute         source C:/Vivado/2018.3/common/technology/xilinx/common/xilinx.gen 
Execute           source C:/Vivado/2018.3/common/technology/xilinx/interface/plb46.gen 
Execute           source C:/Vivado/2018.3/common/technology/xilinx/interface/fsl.gen 
Execute           source C:/Vivado/2018.3/common/technology/xilinx/interface/axi4.gen 
Execute           source C:/Vivado/2018.3/common/technology/xilinx/interface/nativeAXI4.gen 
Execute             source C:/Vivado/2018.3/common/technology/xilinx/interface/saxilite.gen 
Execute             source C:/Vivado/2018.3/common/technology/xilinx/interface/maxi.gen 
Execute           source C:/Vivado/2018.3/common/technology/xilinx/scripts/xilinxcoregen.gen 
Execute           source C:/Vivado/2018.3/common/technology/xilinx/interface/XilEDKCoreGen.gen 
Execute           source C:/Vivado/2018.3/common/technology/xilinx/ip/dds_compiler.gen 
Execute           source C:/Vivado/2018.3/common/technology/xilinx/ip/util.gen 
Execute           source C:/Vivado/2018.3/common/technology/xilinx/ip/xfft.gen 
Command           ap_source done; 0.107 sec.
Execute           source C:/Vivado/2018.3/common/technology/xilinx/ip/xfir.gen 
Command         ap_source done; 0.16 sec.
Execute         source C:/Vivado/2018.3/common/technology/xilinx/common/dsp48.gen 
Command       ap_source done; 0.163 sec.
Command     ap_source done; 0.163 sec.
Execute     open_platform DefaultPlatform 
Execute     import_lib C:/Vivado/2018.3/common/technology/xilinx/zynquplus/zynquplus 
Execute       source C:/Vivado/2018.3/common/technology/xilinx/common/xilinx.lib 
Execute         source C:/Vivado/2018.3/common/technology/xilinx/interface/xilinx_interface.lib 
Execute           source C:/Vivado/2018.3/common/technology/xilinx/interface/plb46.lib 
Execute           source C:/Vivado/2018.3/common/technology/xilinx/interface/fsl.lib 
Execute           source C:/Vivado/2018.3/common/technology/xilinx/interface/axi4.lib 
Execute           source C:/Vivado/2018.3/common/technology/xilinx/interface/maxi.lib 
Execute           source C:/Vivado/2018.3/common/technology/xilinx/interface/saxilite.lib 
Execute         source C:/Vivado/2018.3/common/technology/xilinx/common/dsp48.lib 
Execute         source C:/Vivado/2018.3/common/technology/xilinx/ip/dds_compiler.lib 
Execute         source C:/Vivado/2018.3/common/technology/xilinx/ip/xfft.lib 
Execute         source C:/Vivado/2018.3/common/technology/xilinx/ip/xfir.lib 
Execute       source C:/Vivado/2018.3/common/technology/xilinx/common/xilinx_old.lib 
Execute       source C:/Vivado/2018.3/common/technology/xilinx/common/xilinx_vivado.lib 
Execute       source C:/Vivado/2018.3/common/technology/xilinx/common/xilinx.hlp 
Execute         source C:/Vivado/2018.3/common/technology/xilinx/common/target_info.tcl 
Execute         source C:/Vivado/2018.3/common/technology/xilinx/interface/xilinx_interface.hlp 
Execute           source C:/Vivado/2018.3/common/technology/xilinx/interface/maxi.hlp 
Execute           source C:/Vivado/2018.3/common/technology/xilinx/interface/saxilite.hlp 
Execute         source C:/Vivado/2018.3/common/technology/xilinx/common/dsp48.hlp 
Execute       source C:/Vivado/2018.3/common/technology/xilinx/zynquplus/dsp48e2.hlp 
Execute       get_default_platform 
Execute       config_chip_info -quiet -resource  {SLICE 34260} {LUT 274080}   {FF 548160}  {DSP48E 2520}  {BRAM 1824} {URAM 0}  
Execute       config_chip_info -quiet -speed medium 
Execute       source C:/Vivado/2018.3/common/technology/xilinx/common/xilinx.hlp 
Execute         source C:/Vivado/2018.3/common/technology/xilinx/common/target_info.tcl 
Execute         source C:/Vivado/2018.3/common/technology/xilinx/interface/xilinx_interface.hlp 
Execute           source C:/Vivado/2018.3/common/technology/xilinx/interface/maxi.hlp 
Execute           source C:/Vivado/2018.3/common/technology/xilinx/interface/saxilite.hlp 
Execute         source C:/Vivado/2018.3/common/technology/xilinx/common/dsp48.hlp 
Execute     source C:/Vivado/2018.3/common/technology/xilinx/zynquplus/zynquplus.gen 
Execute       source C:/Vivado/2018.3/common/technology/xilinx/common/virtex.gen 
Execute         source C:/Vivado/2018.3/common/technology/xilinx/common/xilinx.gen 
Execute           source C:/Vivado/2018.3/common/technology/xilinx/interface/plb46.gen 
Execute           source C:/Vivado/2018.3/common/technology/xilinx/interface/fsl.gen 
Execute           source C:/Vivado/2018.3/common/technology/xilinx/interface/axi4.gen 
Execute           source C:/Vivado/2018.3/common/technology/xilinx/interface/nativeAXI4.gen 
Execute             source C:/Vivado/2018.3/common/technology/xilinx/interface/saxilite.gen 
Execute             source C:/Vivado/2018.3/common/technology/xilinx/interface/maxi.gen 
Execute           source C:/Vivado/2018.3/common/technology/xilinx/scripts/xilinxcoregen.gen 
Execute           source C:/Vivado/2018.3/common/technology/xilinx/interface/XilEDKCoreGen.gen 
Execute           source C:/Vivado/2018.3/common/technology/xilinx/ip/dds_compiler.gen 
Execute           source C:/Vivado/2018.3/common/technology/xilinx/ip/util.gen 
Execute           source C:/Vivado/2018.3/common/technology/xilinx/ip/xfft.gen 
Execute           source C:/Vivado/2018.3/common/technology/xilinx/ip/xfir.gen 
Command         ap_source done; 0.136 sec.
Execute         source C:/Vivado/2018.3/common/technology/xilinx/common/dsp48.gen 
Command       ap_source done; 0.138 sec.
Command     ap_source done; 0.139 sec.
Execute     open_platform DefaultPlatform 
Execute     import_lib C:/Vivado/2018.3/common/technology/xilinx/zynquplus/zynquplus_fpv7 
Execute       source C:/Vivado/2018.3/common/technology/xilinx/common/xilinx_fpv7.lib 
Execute         source C:/Vivado/2018.3/common/technology/xilinx/common/xilinx_hp.lib 
Execute       source C:/Vivado/2018.3/common/technology/xilinx/common/xilinx_fpv.hlp 
Execute         source C:/Vivado/2018.3/common/technology/xilinx/common/xilinx.hlp 
Execute           source C:/Vivado/2018.3/common/technology/xilinx/common/target_info.tcl 
Execute           source C:/Vivado/2018.3/common/technology/xilinx/interface/xilinx_interface.hlp 
Execute             source C:/Vivado/2018.3/common/technology/xilinx/interface/maxi.hlp 
Execute             source C:/Vivado/2018.3/common/technology/xilinx/interface/saxilite.hlp 
Execute           source C:/Vivado/2018.3/common/technology/xilinx/common/dsp48.hlp 
Execute       source C:/Vivado/2018.3/common/technology/xilinx/zynquplus/zynquplus_hp.hlp 
Execute     source C:/Vivado/2018.3/common/technology/xilinx/zynquplus/zynquplus_fpv7.gen 
Execute       source C:/Vivado/2018.3/common/technology/xilinx/common/xilinx_fpv6.gen 
Execute     set_part xczu3eg-sbva484-1-e 
Execute       add_library xilinx/zynquplus/zynquplus:xczu3eg:-sbva484:-1-e 
Execute         get_default_platform 
Execute         license_isbetapart xczu3eg 
Command         license_isbetapart done; error code: 1; 
Execute         get_default_platform 
Execute         config_chip_info -quiet -resource  {SLICE 8820}  {LUT 70560}    {FF 141120}  {DSP48E 360}   {BRAM 432}  {URAM 0}  
Execute         config_chip_info -quiet -speed slow 
Execute       add_library xilinx/zynquplus/zynquplus_fpv7 
Execute         get_default_platform 
INFO: [HLS 200-10] Setting target device to 'xczu3eg-sbva484-1-e'
Execute       get_default_platform 
Execute     get_default_platform 
Execute     config_chip_info -quiet -resource  {SLICE 8820}  {LUT 70560}    {FF 141120}  {DSP48E 360}   {BRAM 432}  {URAM 0}  
Execute     config_chip_info -quiet -speed slow 
Command   open_solution done; 0.46 sec.
Execute   set_part xczu3eg-sbva484-1-e -tool vivado 
Execute     add_library xilinx/zynquplus/zynquplus:xczu3eg:-sbva484:-1-e 
Execute       get_default_platform 
Execute       license_isbetapart xczu3eg 
Command       license_isbetapart done; error code: 1; 
Execute       get_default_platform 
Execute       config_chip_info -quiet -resource  {SLICE 8820}  {LUT 70560}    {FF 141120}  {DSP48E 360}   {BRAM 432}  {URAM 0}  
Execute       config_chip_info -quiet -speed slow 
Execute     add_library xilinx/zynquplus/zynquplus_fpv7 
Execute       get_default_platform 
Execute     get_default_platform 
Execute   create_clock -period 10 -name default 
Execute   set_clock_uncertainty 1.25 
Execute   csynth_design 
Execute     get_config_compile -effort 
Execute     get_config_compile -enable_clang39 
Execute     get_config_compile -g 
Execute     get_config_compile -lm 
Execute     get_config_compile -ng 
Execute     get_config_compile -opt_fp 
Execute     get_config_compile -skip_cdt 
Execute     get_config_compile -skip_syncheck 
Execute     get_config_compile -skip_transform 
Execute     config_compile -blackbox  
Execute     get_config_compile -keep_printf 
Execute     elaborate -effort=medium -skip_syncheck=0 -keep_printf=0 -lm=0 -skip_cdt=0 -skip_transform=0 -ng=0 -g=0 -opt_fp=0 -from_csynth_design=1 
Execute       get_config_schedule -relax_ii_for_timing 
INFO: [SCHED 204-61] Option 'relax_ii_for_timing' is enabled, will increase II to preserve clock frequency constraints.
Execute       get_config_schedule -suppress_dependence_error_break 
INFO: [HLS 200-10] Analyzing design file 'src/intersect.c' ... 
INFO-FLOW: Compiling one TU...
Execute       is_m_axi_addr64 
INFO-FLOW: Handling src/intersect.c as C
Execute       get_default_platform 
Execute       is_encrypted src/intersect.c 
INFO-FLOW: Running: GCC PP
INFO-FLOW: Source preprocessing
Execute       clang  -fno-limit-debug-info -gcc-toolchain "C:/Vivado/2018.3/msys" -hls  -fno-exceptions  -D__llvm__  -E "src/intersect.c"     -fno-math-errno -c -emit-llvm -O0  -mllvm -disable-llvm-optzns -std=gnu89   -DAESL_SYN -D__SYNTHESIS__ -D__HLS_SYN__ -I "C:/Vivado/2018.3/common/technology/autopilot" -I "C:/Vivado/2018.3/common/technology/autopilot/ap_sysc" -include etc/autopilot_ssdm_op.h -D__DSP48E2__ -D__cdecl=  -o "C:/Users/Charles/Desktop/18-643/Bad_Raycaster/RayTrace/solution1/.autopilot/db/intersect.pp.0.c" 
INFO-FLOW: exec C:/Vivado/2018.3/win64/tools/clang/bin/clang -fno-limit-debug-info -gcc-toolchain C:/Vivado/2018.3/msys -hls -fno-exceptions -D__llvm__ -E src/intersect.c -fno-math-errno -c -emit-llvm -O0 -mllvm -disable-llvm-optzns -std=gnu89 -DAESL_SYN -D__SYNTHESIS__ -D__HLS_SYN__ -I C:/Vivado/2018.3/common/technology/autopilot -I C:/Vivado/2018.3/common/technology/autopilot/ap_sysc -include etc/autopilot_ssdm_op.h -D__DSP48E2__ -D__cdecl= -o C:/Users/Charles/Desktop/18-643/Bad_Raycaster/RayTrace/solution1/.autopilot/db/intersect.pp.0.c
Command       clang done; 0.971 sec.
Execute       tidy_31 xilinx-xfmat-array-geometry C:/Users/Charles/Desktop/18-643/Bad_Raycaster/RayTrace/solution1/.autopilot/db/intersect.pp.0.c std=gnu89 
INFO-FLOW: exec C:/Vivado/2018.3/win64/tools/clang-3.9-csynth/bin/tidy-3.1 -header-filter=.* -checks=-*,xilinx-xfmat-array-geometry -quiet -fix C:/Users/Charles/Desktop/18-643/Bad_Raycaster/RayTrace/solution1/.autopilot/db/intersect.pp.0.c -- -std=gnu89 -fhls -ferror-limit=0
Command       tidy_31 done; 0.144 sec.
INFO-FLOW: Syntax Checking before pre-processing...
Execute       clang -syntaxcheck -src C:/Users/Charles/Desktop/18-643/Bad_Raycaster/RayTrace/solution1/.autopilot/db/intersect.pp.0.c  -fno-limit-debug-info -gcc-toolchain "C:/Vivado/2018.3/msys" -hls    -fno-math-errno -c -emit-llvm -O0  -mllvm -disable-llvm-optzns -std=gnu89   -DAESL_SYN -D__SYNTHESIS__ -D__HLS_SYN__ -I "C:/Vivado/2018.3/common/technology/autopilot" -I "C:/Vivado/2018.3/common/technology/autopilot/ap_sysc" -include etc/autopilot_ssdm_op.h -D__DSP48E2__ -D__cdecl=  "C:/Users/Charles/Desktop/18-643/Bad_Raycaster/RayTrace/solution1/.autopilot/db/intersect.pp.0.c"  -o "C:/Users/Charles/Desktop/18-643/Bad_Raycaster/RayTrace/solution1/.autopilot/db/useless.bc"  
INFO-FLOW: exec C:/Vivado/2018.3/win64/tools/clang/bin/clang -fno-limit-debug-info -gcc-toolchain C:/Vivado/2018.3/msys -hls -fno-math-errno -c -emit-llvm -O0 -mllvm -disable-llvm-optzns -std=gnu89 -DAESL_SYN -D__SYNTHESIS__ -D__HLS_SYN__ -I C:/Vivado/2018.3/common/technology/autopilot -I C:/Vivado/2018.3/common/technology/autopilot/ap_sysc -include etc/autopilot_ssdm_op.h -D__DSP48E2__ -D__cdecl= C:/Users/Charles/Desktop/18-643/Bad_Raycaster/RayTrace/solution1/.autopilot/db/intersect.pp.0.c -o C:/Users/Charles/Desktop/18-643/Bad_Raycaster/RayTrace/solution1/.autopilot/db/useless.bc
Command       clang done; 0.956 sec.
INFO-FLOW: Done: GCC PP time: 2.1 seconds per iteration
Execute       list_core -type functional_unit 
Execute       tidy_31 xilinx-systemc-detector C:/Users/Charles/Desktop/18-643/Bad_Raycaster/RayTrace/solution1/.autopilot/db/intersect.pp.0.c std=gnu89 -directive=C:/Users/Charles/Desktop/18-643/Bad_Raycaster/RayTrace/solution1/.autopilot/db/.systemc_flag 
INFO-FLOW: exec C:/Vivado/2018.3/win64/tools/clang-3.9-csynth/bin/tidy-3.1 -header-filter=.* -checks=-*,xilinx-systemc-detector -import-directive=C:/Users/Charles/Desktop/18-643/Bad_Raycaster/RayTrace/solution1/.autopilot/db/.systemc_flag -quiet -fix-errors C:/Users/Charles/Desktop/18-643/Bad_Raycaster/RayTrace/solution1/.autopilot/db/intersect.pp.0.c -- -std=gnu89 -fhls -ferror-limit=0
INFO-FLOW: Running: tidy-3.1 CDT preprocess
Execute       tidy_31 xilinx-directive2pragma C:/Users/Charles/Desktop/18-643/Bad_Raycaster/RayTrace/solution1/.autopilot/db/intersect.pp.0.c std=gnu89 -directive=C:/Users/Charles/Desktop/18-643/Bad_Raycaster/RayTrace/solution1/.autopilot/db/all.directive.json 
INFO-FLOW: exec C:/Vivado/2018.3/win64/tools/clang-3.9-csynth/bin/tidy-3.1 -header-filter=.* -checks=-*,xilinx-directive2pragma -import-directive=C:/Users/Charles/Desktop/18-643/Bad_Raycaster/RayTrace/solution1/.autopilot/db/all.directive.json -quiet -fix-errors C:/Users/Charles/Desktop/18-643/Bad_Raycaster/RayTrace/solution1/.autopilot/db/intersect.pp.0.c -- -std=gnu89 -fhls -ferror-limit=0
Execute       get_config_dataflow -strict_mode 
Execute       ap_eval exec -ignorestderr C:/Vivado/2018.3/win64/tools/clang-3.9-csynth/bin/xilinx-dataflow-lawyer -export-fixes=C:/Users/Charles/Desktop/18-643/Bad_Raycaster/RayTrace/solution1/.autopilot/db/xilinx-dataflow-lawyer.intersect.pp.0.c.diag.yml C:/Users/Charles/Desktop/18-643/Bad_Raycaster/RayTrace/solution1/.autopilot/db/intersect.pp.0.c -- -std=gnu99 -fhls -ferror-limit=0 -fstrict-dataflow > C:/Users/Charles/Desktop/18-643/Bad_Raycaster/RayTrace/solution1/.autopilot/db/xilinx-dataflow-lawyer.intersect.pp.0.c.out.log 2> C:/Users/Charles/Desktop/18-643/Bad_Raycaster/RayTrace/solution1/.autopilot/db/xilinx-dataflow-lawyer.intersect.pp.0.c.err.log 
Command       ap_eval done; 0.108 sec.
Execute       tidy_31 -errorcheck xilinx-constantarray-param,xilinx-resource-pragma-transformer,xilinx-xfmat-array-geometry C:/Users/Charles/Desktop/18-643/Bad_Raycaster/RayTrace/solution1/.autopilot/db/intersect.pp.0.c std=gnu89 
Execute         ap_eval exec -ignorestderr C:/Vivado/2018.3/win64/tools/clang-3.9-csynth/bin/tidy-3.1 -export-fixes=C:/Users/Charles/Desktop/18-643/Bad_Raycaster/RayTrace/solution1/.autopilot/db/tidy-3.1.intersect.pp.0.c.diag.yml -header-filter=.* -checks=-*,xilinx-constantarray-param,xilinx-resource-pragma-transformer,xilinx-xfmat-array-geometry -quiet -fix-errors C:/Users/Charles/Desktop/18-643/Bad_Raycaster/RayTrace/solution1/.autopilot/db/intersect.pp.0.c -- -std=gnu89 -fhls -ferror-limit=0 > C:/Users/Charles/Desktop/18-643/Bad_Raycaster/RayTrace/solution1/.autopilot/db/tidy-3.1.intersect.pp.0.c.out.log 2> C:/Users/Charles/Desktop/18-643/Bad_Raycaster/RayTrace/solution1/.autopilot/db/tidy-3.1.intersect.pp.0.c.err.log 
Command         ap_eval done; 0.162 sec.
Execute         ap_eval exec -ignorestderr C:/Vivado/2018.3/win64/tools/clang-3.9-csynth/bin/xilinx-legacy-rewriter C:/Users/Charles/Desktop/18-643/Bad_Raycaster/RayTrace/solution1/.autopilot/db/intersect.pp.0.c -- -std=gnu89 -fhls -ferror-limit=0 > C:/Users/Charles/Desktop/18-643/Bad_Raycaster/RayTrace/solution1/.autopilot/db/xilinx-legacy-rewriter.intersect.pp.0.c.out.log 2> C:/Users/Charles/Desktop/18-643/Bad_Raycaster/RayTrace/solution1/.autopilot/db/xilinx-legacy-rewriter.intersect.pp.0.c.err.log 
Command       tidy_31 done; 0.282 sec.
INFO-FLOW: Done: tidy-3.1 CDT preprocess time: 0.5 seconds per iteration
INFO-FLOW: Pragma Handling...
Execute       tidy_31 xilinx-ssdm-intrinsics-arguments C:/Users/Charles/Desktop/18-643/Bad_Raycaster/RayTrace/solution1/.autopilot/db/intersect.pragma.1.c std=gnu89 
INFO-FLOW: exec C:/Vivado/2018.3/win64/tools/clang-3.9-csynth/bin/tidy-3.1 -header-filter=.* -checks=-*,xilinx-ssdm-intrinsics-arguments -quiet -fix-errors C:/Users/Charles/Desktop/18-643/Bad_Raycaster/RayTrace/solution1/.autopilot/db/intersect.pragma.1.c -- -std=gnu89 -fhls -ferror-limit=0
Command       tidy_31 done; 0.103 sec.
Execute       get_default_platform 
INFO-FLOW: Processing labels
Execute       clang -src C:/Users/Charles/Desktop/18-643/Bad_Raycaster/RayTrace/solution1/.autopilot/db/intersect.pragma.2.c  -fno-limit-debug-info -gcc-toolchain C:/Vivado/2018.3/msys -hls -hls-analyze-label -hls-analyze-pragma -fno-exceptions  -D__llvm__  -w  "C:/Users/Charles/Desktop/18-643/Bad_Raycaster/RayTrace/solution1/.autopilot/db/intersect.pragma.2.c"    -fno-math-errno -c -emit-llvm -O0  -mllvm -disable-llvm-optzns -std=gnu89  -DAESL_SYN -D__SYNTHESIS__ -D__HLS_SYN__ -I "C:/Vivado/2018.3/common/technology/autopilot" -I "C:/Vivado/2018.3/common/technology/autopilot/ap_sysc" -include etc/autopilot_ssdm_op.h -D__DSP48E2__ -g -o "C:/Users/Charles/Desktop/18-643/Bad_Raycaster/RayTrace/solution1/.autopilot/db/intersect.bc" 
INFO-FLOW: exec C:/Vivado/2018.3/win64/tools/clang/bin/clang -fno-limit-debug-info -gcc-toolchain C:/Vivado/2018.3/msys -hls -hls-analyze-label -hls-analyze-pragma -fno-exceptions -D__llvm__ -w C:/Users/Charles/Desktop/18-643/Bad_Raycaster/RayTrace/solution1/.autopilot/db/intersect.pragma.2.c -fno-math-errno -c -emit-llvm -O0 -mllvm -disable-llvm-optzns -std=gnu89 -DAESL_SYN -D__SYNTHESIS__ -D__HLS_SYN__ -I C:/Vivado/2018.3/common/technology/autopilot -I C:/Vivado/2018.3/common/technology/autopilot/ap_sysc -include etc/autopilot_ssdm_op.h -D__DSP48E2__ -g -o C:/Users/Charles/Desktop/18-643/Bad_Raycaster/RayTrace/solution1/.autopilot/db/intersect.bc
Command       clang done; 0.912 sec.
INFO-FLOW: Linking Debug ...
Execute       llvm-ld C:/Users/Charles/Desktop/18-643/Bad_Raycaster/RayTrace/solution1/.autopilot/db/intersect.g.bc -hls-opt -except-internalize intersect_kernel -LC:/Vivado/2018.3/win64/lib -lhlsm -lhlsmc++ -o C:/Users/Charles/Desktop/18-643/Bad_Raycaster/RayTrace/solution1/.autopilot/db/a.g 
Command       llvm-ld done; 1.158 sec.
INFO: [HLS 200-111] Finished Linking Time (s): cpu = 00:00:00 ; elapsed = 00:00:06 . Memory (MB): peak = 103.480 ; gain = 18.738
INFO: [HLS 200-111] Finished Checking Pragmas Time (s): cpu = 00:00:00 ; elapsed = 00:00:06 . Memory (MB): peak = 103.480 ; gain = 18.738
Execute       get_config_sdx -target 
Execute       opt_and_import_c a -opt_level=2 -skip_syncheck=0 -ng=0 -keep_printf=0 
Execute         cleanup_all_models 
INFO: [HLS 200-10] Starting code transformations ...
Execute         transform -promote-dbg-pointer C:/Users/Charles/Desktop/18-643/Bad_Raycaster/RayTrace/solution1/.autopilot/db/a.pp.bc -o C:/Users/Charles/Desktop/18-643/Bad_Raycaster/RayTrace/solution1/.autopilot/db/a.pp.0.bc -f 
Execute         llvm-ld C:/Users/Charles/Desktop/18-643/Bad_Raycaster/RayTrace/solution1/.autopilot/db/a.pp.0.bc -disable-opt -LC:/Vivado/2018.3/win64/lib -lfloatconversion -o C:/Users/Charles/Desktop/18-643/Bad_Raycaster/RayTrace/solution1/.autopilot/db/a.g.0 
Command         llvm-ld done; 0.645 sec.
INFO-FLOW: Running Standard Transforms...
Execute         transform -hls -share-std-xform -demangle-name -inline-byval-memcpy -always-inline -promote-dbg-pointer -interface-preproc -mem2reg -lower-blackbox -scalarrepl -mem2reg -keep-read-access -instcombine -dce -promote-dbg-pointer -bitop-raise -loop-simplify -indvarspre -indvars -loop-simplify -xunroll -constprop -instcombine -simplifycfg -indvars -simplifycfg -dce -globaldce -basicaa -simplifycfg -mem2reg -globalopt -global-constprop -deadargelim -instcombine -simplifycfg -prune-eh -simplifycfg -scalarrepl -instcombine -reassociate -licm -simplifycfg -loop-simplify -indvars -instcombine -simplifycfg -mem2reg -loop-simplify -indvars -instcombine -gvn -gvn -instcombine -adce -break-crit-edges -simplifycfg -loop-delete -global-array-opt -dce -dse -adce -find-syn-modules -top intersect_kernel -deadargelim -mem2reg -instcombine -dce -presyn-prepare -auto-rom-infer -interface-preproc -syn-check -check-rec-only -find-region -simplifycfg -func-extr -function-inline -globaldce -mem2reg -instcombine -dce -gvn -globaldce -adce -adse -constprop -instcombine -bit-constprop -instcombine -dce -simplifycfg -bitop-raise -simplifycfg -dce -loop-delete -reassociate -globalopt -global-privatize -mem2reg -dce -global-constprop -pointer-simplify -constprop -dce -func-inst -deadargelim -auto-shift-reg-idiom -promote-dbg-pointer -norm-name C:/Users/Charles/Desktop/18-643/Bad_Raycaster/RayTrace/solution1/.autopilot/db/a.g.0.bc -o C:/Users/Charles/Desktop/18-643/Bad_Raycaster/RayTrace/solution1/.autopilot/db/a.g.1.bc -f -phase std-opt 
INFO: [HLS 200-111] Finished Standard Transforms Time (s): cpu = 00:00:01 ; elapsed = 00:00:07 . Memory (MB): peak = 118.859 ; gain = 34.117
INFO: [HLS 200-10] Checking synthesizability ...
INFO-FLOW: Checking Synthesizability 1/2..
Execute         transform -hls -syn-check -check-rec-only -disaggr -scalarrepl -norm-name -dce -mem2reg -instcombine -function-uniquify -directive-preproc -mem2reg -dse -dce -auto-rom-infer -dce -pag -array-normalize -instcombine -dce -warn-fifo-pointer -array-seg-normalize -instcombine -dce -array-flatten -instcombine -dce -array-burst -dce -deadargelim -promote-global-argument -simplifycfg -mem2reg -globaldce -resolve-double-ptr -dce -deadargelim -dce -instcombine -function-inline -globaldce -dce -doublePtrSimplify -doublePtrElim -dce -doublePtrSimplify -promote-dbg-pointer -dce -scalarrepl -dse -adse -instcombine -ptrLegalization -simplifycfg -dce -instcombine -pointer-simplify -ptrArgReplace -dce -instcombine -disaggr -scalarrepl -norm-name -dce -mem2reg -instcombine -ptrLegalization -simplifycfg -deadargelim -instcombine -dce -inst-simplify -function-uniquify -directive-preproc -mem2reg -dse -dce -globaldce -check-dspbuiltin C:/Users/Charles/Desktop/18-643/Bad_Raycaster/RayTrace/solution1/.autopilot/db/a.g.1.bc -o C:/Users/Charles/Desktop/18-643/Bad_Raycaster/RayTrace/solution1/.autopilot/db/a.g.2.prechk.bc -f 
INFO: [XFORM 203-602] Inlining function 'fp_struct<float>::data' into 'fp_struct<float>::to_float' (r:/builds/2018.3/continuous/2018_12_06_2405991/src/products/hls/hls_lib/src/hls\utils/x_hls_utils.h:348) automatically.
INFO: [XFORM 203-602] Inlining function 'fp_struct<float>::to_float' into 'fp_struct<float>::to_ieee' (r:/builds/2018.3/continuous/2018_12_06_2405991/src/products/hls/hls_lib/src/hls\utils/x_hls_utils.h:369) automatically.
INFO: [XFORM 203-602] Inlining function 'fp_struct<float>::to_ieee' into 'generic_copysign<float>' (r:/builds/2018.3/continuous/2018_12_06_2405991/src/products/hls/hls_lib/hlsmath/include/FloatingPoint/hls_copysign.h:13) automatically.
INFO: [XFORM 203-602] Inlining function 'generic_copysign<float>' into 'generic_fabs<float>' (r:/builds/2018.3/continuous/2018_12_06_2405991/src/products/hls/hls_lib/hlsmath/include/FloatingPoint\hls_fabs.h:12) automatically.
INFO: [XFORM 203-602] Inlining function 'generic_fabs<float>' into 'fabsf' (r:/builds/2018.3/continuous/2018_12_06_2405991/src/products/hls/hls_lib/hlsmath/src/c/fabsfloat.cpp:7) automatically.
INFO: [XFORM 203-602] Inlining function 'vec3_subtract.1' into 'intersect_tri' (src/intersect.c:132) automatically.
INFO: [XFORM 203-602] Inlining function 'vec3_subtract' into 'intersect_tri' (src/intersect.c:134) automatically.
INFO: [XFORM 203-602] Inlining function 'vec3_cross.1' into 'intersect_tri' (src/intersect.c:137) automatically.
INFO: [XFORM 203-602] Inlining function 'vec3_cross' into 'intersect_tri' (src/intersect.c:138) automatically.
INFO: [XFORM 203-602] Inlining function 'vec3_dot' into 'intersect_tri' (src/intersect.c:139) automatically.
INFO: [XFORM 203-602] Inlining function 'vec3_dot.1' into 'intersect_tri' (src/intersect.c:142) automatically.
INFO: [XFORM 203-602] Inlining function 'fabsf' into 'intersect_tri' (src/intersect.c:162) automatically.
Command         transform done; 0.108 sec.
INFO-FLOW: Checking Synthesizability 2/2..
Execute         transform -syn-check C:/Users/Charles/Desktop/18-643/Bad_Raycaster/RayTrace/solution1/.autopilot/db/a.g.2.prechk.bc -o C:/Users/Charles/Desktop/18-643/Bad_Raycaster/RayTrace/solution1/.autopilot/db/a.g.2.bc -f -phase syn-check 
ERROR: [SYNCHK 200-61] src/intersect.c:173: unsupported memory access on variable 'v1' which is (or contains) an array with unknown size at compile time.
INFO: [SYNCHK 200-10] 1 error(s), 0 warning(s).
Command         transform done; error code: 1; 
ERROR: [HLS 200-70] Synthesizability check failed.
Command       opt_and_import_c done; error code: 2; 0.975 sec.
Command     elaborate done; error code: 2; 5.957 sec.
Command   csynth_design done; error code: 2; 5.973 sec.
Command ap_source done; error code: 1; 6.561 sec.
Execute cleanup_all 
